<?xml version="1.0" encoding="UTF-8"?>
<!-- Generated by org.testng.reporters.JUnitXMLReporter -->
<testsuite ignored="4" hostname="dario-GM-15Z10-GF1650-i5" failures="1" tests="3" name="Surefire test" time="16.008" errors="0" timestamp="21 oct. 2022 14:01:08 GMT">
  <testcase classname="gov.nasa.web.HomeTests" name="verifyNasaApiHomeIsShownProperly" time="5.074"/>
  <testcase classname="gov.nasa.web.HomeTests" name="verifySearchAPIIsWorkingOK" time="5.084">
    <failure type="org.openqa.selenium.NoSuchElementException" message="no such element: Unable to locate element: {&amp;quot;method&amp;quot;:&amp;quot;css selector&amp;quot;,&amp;quot;selector&amp;quot;:&amp;quot;#search\-field\-big&amp;quot;}
  (Session info: chrome=106.0.5249.119)
For documentation on this error, please visit: https://www.seleniumhq.org/exceptions/no_such_element.html
Build info: version: &amp;apos;3.141.59&amp;apos;, revision: &amp;apos;e82be7d358&amp;apos;, time: &amp;apos;2018-11-14T08:17:03&amp;apos;
System info: host: &amp;apos;dario-GM-15Z10-GF1650-i5&amp;apos;, ip: &amp;apos;127.0.1.1&amp;apos;, os.name: &amp;apos;Linux&amp;apos;, os.arch: &amp;apos;amd64&amp;apos;, os.version: &amp;apos;5.4.0-100-generic&amp;apos;, java.version: &amp;apos;11.0.16&amp;apos;
Driver info: org.openqa.selenium.chrome.ChromeDriver
Capabilities {acceptInsecureCerts: false, browserName: chrome, browserVersion: 106.0.5249.119, chrome: {chromedriverVersion: 106.0.5249.61 (511755355844..., userDataDir: /tmp/.com.google.Chrome.espzWE}, goog:chromeOptions: {debuggerAddress: localhost:46839}, javascriptEnabled: true, networkConnectionEnabled: false, pageLoadStrategy: normal, platform: LINUX, platformName: LINUX, proxy: Proxy(), setWindowRect: true, strictFileInteractability: false, timeouts: {implicit: 0, pageLoad: 300000, script: 30000}, unhandledPromptBehavior: dismiss and notify, webauthn:extension:credBlob: true, webauthn:extension:largeBlob: true, webauthn:virtualAuthenticators: true}
Session ID: 7705b56d3fd46a6d71855dcc5e88b1db
*** Element info: {Using=id, value=search-field-big}">
      <![CDATA[org.openqa.selenium.NoSuchElementException: no such element: Unable to locate element: {"method":"css selector","selector":"#search\-field\-big"}
  (Session info: chrome=106.0.5249.119)
For documentation on this error, please visit: https://www.seleniumhq.org/exceptions/no_such_element.html
Build info: version: '3.141.59', revision: 'e82be7d358', time: '2018-11-14T08:17:03'
System info: host: 'dario-GM-15Z10-GF1650-i5', ip: '127.0.1.1', os.name: 'Linux', os.arch: 'amd64', os.version: '5.4.0-100-generic', java.version: '11.0.16'
Driver info: org.openqa.selenium.chrome.ChromeDriver
Capabilities {acceptInsecureCerts: false, browserName: chrome, browserVersion: 106.0.5249.119, chrome: {chromedriverVersion: 106.0.5249.61 (511755355844..., userDataDir: /tmp/.com.google.Chrome.espzWE}, goog:chromeOptions: {debuggerAddress: localhost:46839}, javascriptEnabled: true, networkConnectionEnabled: false, pageLoadStrategy: normal, platform: LINUX, platformName: LINUX, proxy: Proxy(), setWindowRect: true, strictFileInteractability: false, timeouts: {implicit: 0, pageLoad: 300000, script: 30000}, unhandledPromptBehavior: dismiss and notify, webauthn:extension:credBlob: true, webauthn:extension:largeBlob: true, webauthn:virtualAuthenticators: true}
Session ID: 7705b56d3fd46a6d71855dcc5e88b1db
*** Element info: {Using=id, value=search-field-big}
at org.openqa.selenium.remote.http.W3CHttpResponseCodec.createException(W3CHttpResponseCodec.java:187)
at org.openqa.selenium.remote.http.W3CHttpResponseCodec.decode(W3CHttpResponseCodec.java:122)
at org.openqa.selenium.remote.http.W3CHttpResponseCodec.decode(W3CHttpResponseCodec.java:49)
at org.openqa.selenium.remote.HttpCommandExecutor.execute(HttpCommandExecutor.java:158)
at org.openqa.selenium.remote.service.DriverCommandExecutor.execute(DriverCommandExecutor.java:83)
at org.openqa.selenium.remote.RemoteWebDriver.execute(RemoteWebDriver.java:552)
at org.openqa.selenium.remote.RemoteWebDriver.findElement(RemoteWebDriver.java:323)
at org.openqa.selenium.remote.RemoteWebDriver.findElementById(RemoteWebDriver.java:372)
at org.openqa.selenium.By$ById.findElement(By.java:188)
at org.openqa.selenium.remote.RemoteWebDriver.findElement(RemoteWebDriver.java:315)
at org.openqa.selenium.support.pagefactory.DefaultElementLocator.findElement(DefaultElementLocator.java:69)
at org.openqa.selenium.support.pagefactory.internal.LocatingElementHandler.invoke(LocatingElementHandler.java:38)
at com.sun.proxy.$Proxy15.sendKeys(Unknown Source)
at gov.nasa.web.HomeTests.verifySearchAPIIsWorkingOK(HomeTests.java:51)
at java.base/java.util.concurrent.ThreadPoolExecutor.runWorker(ThreadPoolExecutor.java:1128)
at java.base/java.util.concurrent.ThreadPoolExecutor$Worker.run(ThreadPoolExecutor.java:628)
at java.base/java.lang.Thread.run(Thread.java:829)
... Removed 14 stack frames]]>
    </failure>
  </testcase> <!-- verifySearchAPIIsWorkingOK -->
  <testcase classname="gov.nasa.web.HomeTests" name="verifyHeaderNavigationIsWorkingOK" time="15.995"/>
  <testcase classname="gov.nasa.api.CuriosityApiTests" name="validateAmountsOfPicturesEachSOlPhotos" time="0.0">
    <ignored/>
  </testcase> <!-- validateAmountsOfPicturesEachSOlPhotos -->
  <testcase classname="gov.nasa.api.CuriosityApiTests" name="retrieveFirst10MarsPhotosWithSol" time="0.0">
    <ignored/>
  </testcase> <!-- retrieveFirst10MarsPhotosWithSol -->
  <testcase classname="gov.nasa.api.CuriosityApiTests" name="compareFirst10MarsPhotosBetweenSOlEarthDate" time="0.0">
    <ignored/>
  </testcase> <!-- compareFirst10MarsPhotosBetweenSOlEarthDate -->
  <testcase classname="gov.nasa.api.CuriosityApiTests" name="retrieveFirst10MarsPhotosWithEarthDate" time="0.0">
    <ignored/>
  </testcase> <!-- retrieveFirst10MarsPhotosWithEarthDate -->
</testsuite> <!-- Surefire test -->
