<?xml version="1.0" encoding="UTF-8"?>
<!-- Generated by org.testng.reporters.JUnitReportReporter -->
<testsuite hostname="dario-GM-15Z10-GF1650-i5" failures="1" tests="4" name="gov.nasa.api.CuriosityApiTests" time="16.138" errors="0" timestamp="21 oct. 2022 14:00:42 GMT" skipped="0">
  <testcase classname="gov.nasa.api.CuriosityApiTests" name="retrieveFirst10MarsPhotosWithSol" time="3.623"/>
  <testcase classname="gov.nasa.api.CuriosityApiTests" name="validateAmountsOfPicturesEachSOlPhotos" time="3.626">
    <failure message="The following asserts failed:
	Amount of photos in :MASTis 10.5 times greater than RHAZ photos are :2 expected [false] but found [true],
	Amount of photos in :MASTis 10.5 times greater than FHAZ photos are :2 expected [false] but found [true]" type="java.lang.AssertionError">
      <![CDATA[java.lang.AssertionError: The following asserts failed:
Amount of photos in :MASTis 10.5 times greater than RHAZ photos are :2 expected [false] but found [true],
Amount of photos in :MASTis 10.5 times greater than FHAZ photos are :2 expected [false] but found [true]
at org.testng.asserts.SoftAssert.assertAll(SoftAssert.java:43)
at gov.nasa.api.CuriosityApiTests.validateAmountsOfPicturesEachSOlPhotos(CuriosityApiTests.java:60)
at java.base/jdk.internal.reflect.NativeMethodAccessorImpl.invoke0(Native Method)
at java.base/jdk.internal.reflect.NativeMethodAccessorImpl.invoke(NativeMethodAccessorImpl.java:62)
at java.base/jdk.internal.reflect.DelegatingMethodAccessorImpl.invoke(DelegatingMethodAccessorImpl.java:43)
at java.base/java.lang.reflect.Method.invoke(Method.java:566)
at org.testng.internal.MethodInvocationHelper.invokeMethod(MethodInvocationHelper.java:124)
at org.testng.internal.Invoker.invokeMethod(Invoker.java:583)
at org.testng.internal.Invoker.invokeTestMethod(Invoker.java:719)
at org.testng.internal.Invoker.invokeTestMethods(Invoker.java:989)
at org.testng.internal.TestMethodWorker.invokeTestMethods(TestMethodWorker.java:125)
at org.testng.internal.TestMethodWorker.run(TestMethodWorker.java:109)
at java.base/java.util.concurrent.ThreadPoolExecutor.runWorker(ThreadPoolExecutor.java:1128)
at java.base/java.util.concurrent.ThreadPoolExecutor$Worker.run(ThreadPoolExecutor.java:628)
at java.base/java.lang.Thread.run(Thread.java:829)
]]>
    </failure>
  </testcase> <!-- validateAmountsOfPicturesEachSOlPhotos -->
  <testcase classname="gov.nasa.api.CuriosityApiTests" name="compareFirst10MarsPhotosBetweenSOlEarthDate" time="5.266"/>
  <testcase classname="gov.nasa.api.CuriosityApiTests" name="retrieveFirst10MarsPhotosWithEarthDate" time="3.623"/>
</testsuite> <!-- gov.nasa.api.CuriosityApiTests -->
