<?xml version="1.0" encoding="UTF-8"?>
<!-- Generated by org.testng.reporters.JUnitReportReporter -->
<testsuite hostname="dario-GM-15Z10-GF1650-i5" failures="1" tests="4" name="gov.nasa.api.Integrationts" time="9.325" errors="0" timestamp="21 oct. 2022 13:31:55 GMT" skipped="0">
  <testcase classname="gov.nasa.api.Integrationts" name="authenticateDemoKeyIsOk" time="1.356"/>
  <testcase classname="gov.nasa.api.Integrationts" name="authenticateBadAPiKey" time="3.035"/>
  <testcase classname="gov.nasa.api.Integrationts" name="authenticateBadURL" time="1.729"/>
  <testcase classname="gov.nasa.api.Integrationts" name="authenticateNormalKeyIsOkAndRateLimits" time="3.205">
    <failure message="1 expectation failed.
Expected header &quot;X-Ratelimit-Remaining&quot; was not &quot;1997&quot;, was &quot;1998&quot;. Headers are:
Date=Fri, 21 Oct 2022 13:31:46 GMT
Content-Type=application/json
Transfer-Encoding=chunked
Connection=keep-alive
Access-Control-Allow-Origin=*
Access-Control-Expose-Headers=X-RateLimit-Limit, X-RateLimit-Remaining
Age=0
Content-Encoding=gzip
Strict-Transport-Security=max-age=31536000; preload
Vary=Accept-Encoding
Via=http/1.1 api-umbrella (ApacheTrafficServer [cMsSf ])
X-Cache=MISS
X-Ratelimit-Limit=2000
X-Ratelimit-Remaining=1998
X-Vcap-Request-Id=b06483f6-15b3-4369-5d54-b45484c4b735
X-Frame-Options=DENY
X-Content-Type-Options=nosniff
X-XSS-Protection=1; mode=block
" type="java.lang.AssertionError">
      <![CDATA[java.lang.AssertionError: 1 expectation failed.
Expected header "X-Ratelimit-Remaining" was not "1997", was "1998". Headers are:
Date=Fri, 21 Oct 2022 13:31:46 GMT
Content-Type=application/json
Transfer-Encoding=chunked
Connection=keep-alive
Access-Control-Allow-Origin=*
Access-Control-Expose-Headers=X-RateLimit-Limit, X-RateLimit-Remaining
Age=0
Content-Encoding=gzip
Strict-Transport-Security=max-age=31536000; preload
Vary=Accept-Encoding
Via=http/1.1 api-umbrella (ApacheTrafficServer [cMsSf ])
X-Cache=MISS
X-Ratelimit-Limit=2000
X-Ratelimit-Remaining=1998
X-Vcap-Request-Id=b06483f6-15b3-4369-5d54-b45484c4b735
X-Frame-Options=DENY
X-Content-Type-Options=nosniff
X-XSS-Protection=1; mode=block

at java.base/jdk.internal.reflect.NativeConstructorAccessorImpl.newInstance0(Native Method)
at java.base/jdk.internal.reflect.NativeConstructorAccessorImpl.newInstance(NativeConstructorAccessorImpl.java:62)
at java.base/jdk.internal.reflect.DelegatingConstructorAccessorImpl.newInstance(DelegatingConstructorAccessorImpl.java:45)
at java.base/java.lang.reflect.Constructor.newInstance(Constructor.java:490)
at org.codehaus.groovy.reflection.CachedConstructor.invoke(CachedConstructor.java:73)
at org.codehaus.groovy.reflection.CachedConstructor.doConstructorInvoke(CachedConstructor.java:60)
at org.codehaus.groovy.runtime.callsite.ConstructorSite$ConstructorSiteNoUnwrap.callConstructor(ConstructorSite.java:86)
at org.codehaus.groovy.runtime.callsite.CallSiteArray.defaultCallConstructor(CallSiteArray.java:58)
at org.codehaus.groovy.runtime.callsite.AbstractCallSite.callConstructor(AbstractCallSite.java:263)
at org.codehaus.groovy.runtime.callsite.AbstractCallSite.callConstructor(AbstractCallSite.java:277)
at io.restassured.internal.ResponseSpecificationImpl$HamcrestAssertionClosure.validate(ResponseSpecificationImpl.groovy:512)
at io.restassured.internal.ResponseSpecificationImpl$HamcrestAssertionClosure$validate$1.call(Unknown Source)
at io.restassured.internal.ResponseSpecificationImpl.validateResponseIfRequired(ResponseSpecificationImpl.groovy:696)
at io.restassured.internal.ResponseSpecificationImpl.this$2$validateResponseIfRequired(ResponseSpecificationImpl.groovy)
at java.base/jdk.internal.reflect.NativeMethodAccessorImpl.invoke0(Native Method)
at java.base/jdk.internal.reflect.NativeMethodAccessorImpl.invoke(NativeMethodAccessorImpl.java:62)
at java.base/jdk.internal.reflect.DelegatingMethodAccessorImpl.invoke(DelegatingMethodAccessorImpl.java:43)
at java.base/java.lang.reflect.Method.invoke(Method.java:566)
at org.codehaus.groovy.runtime.callsite.PlainObjectMetaMethodSite.doInvoke(PlainObjectMetaMethodSite.java:43)
at org.codehaus.groovy.runtime.callsite.PogoMetaMethodSite$PogoCachedMethodSiteNoUnwrapNoCoerce.invoke(PogoMetaMethodSite.java:198)
at org.codehaus.groovy.runtime.callsite.PogoMetaMethodSite.callCurrent(PogoMetaMethodSite.java:62)
at org.codehaus.groovy.runtime.callsite.AbstractCallSite.callCurrent(AbstractCallSite.java:185)
at io.restassured.internal.ResponseSpecificationImpl.header(ResponseSpecificationImpl.groovy:191)
at io.restassured.specification.ResponseSpecification$header$1.callCurrent(Unknown Source)
at io.restassured.internal.ResponseSpecificationImpl.header(ResponseSpecificationImpl.groovy:198)
at io.restassured.internal.ValidatableResponseOptionsImpl.header(ValidatableResponseOptionsImpl.java:124)
at gov.nasa.api.Integrationts.authenticateNormalKeyIsOkAndRateLimits(Integrationts.java:49)
at java.base/jdk.internal.reflect.NativeMethodAccessorImpl.invoke0(Native Method)
at java.base/jdk.internal.reflect.NativeMethodAccessorImpl.invoke(NativeMethodAccessorImpl.java:62)
at java.base/jdk.internal.reflect.DelegatingMethodAccessorImpl.invoke(DelegatingMethodAccessorImpl.java:43)
at java.base/java.lang.reflect.Method.invoke(Method.java:566)
at org.testng.internal.MethodInvocationHelper.invokeMethod(MethodInvocationHelper.java:124)
at org.testng.internal.Invoker.invokeMethod(Invoker.java:583)
at org.testng.internal.Invoker.invokeTestMethod(Invoker.java:719)
at org.testng.internal.Invoker.invokeTestMethods(Invoker.java:989)
at org.testng.internal.TestMethodWorker.invokeTestMethods(TestMethodWorker.java:125)
at org.testng.internal.TestMethodWorker.run(TestMethodWorker.java:109)
at org.testng.TestRunner.privateRun(TestRunner.java:648)
at org.testng.TestRunner.run(TestRunner.java:505)
at org.testng.SuiteRunner.runTest(SuiteRunner.java:455)
at org.testng.SuiteRunner.access$000(SuiteRunner.java:40)
at org.testng.SuiteRunner$SuiteWorker.run(SuiteRunner.java:489)
at org.testng.internal.thread.ThreadUtil$1.call(ThreadUtil.java:52)
at java.base/java.util.concurrent.FutureTask.run(FutureTask.java:264)
at java.base/java.util.concurrent.ThreadPoolExecutor.runWorker(ThreadPoolExecutor.java:1128)
at java.base/java.util.concurrent.ThreadPoolExecutor$Worker.run(ThreadPoolExecutor.java:628)
at java.base/java.lang.Thread.run(Thread.java:829)
]]>
    </failure>
  </testcase> <!-- authenticateNormalKeyIsOkAndRateLimits -->
</testsuite> <!-- gov.nasa.api.Integrationts -->
