<?xml version="1.0" encoding="UTF-8"?>
<!-- Generated by org.testng.reporters.JUnitXMLReporter -->
<testsuite ignored="0" hostname="dario-GM-15Z10-GF1650-i5" failures="2" tests="8" name="Test 1" time="17.987" errors="0" timestamp="21 oct. 2022 13:31:55 GMT">
  <testcase classname="gov.nasa.api.Integrationts" name="authenticateBadAPiKey" time="3.035"/>
  <testcase classname="gov.nasa.api.Integrationts" name="authenticateBadURL" time="1.729"/>
  <testcase classname="gov.nasa.api.Integrationts" name="authenticateDemoKeyIsOk" time="1.356"/>
  <testcase classname="gov.nasa.api.Integrationts" name="authenticateNormalKeyIsOkAndRateLimits" time="3.205">
    <failure type="java.lang.AssertionError" message="1 expectation failed.
Expected header &amp;quot;X-Ratelimit-Remaining&amp;quot; was not &amp;quot;1997&amp;quot;, was &amp;quot;1998&amp;quot;. Headers are:
Date=Fri, 21 Oct 2022 13:31:46 GMT
Content-Type=application/json
Transfer-Encoding=chunked
Connection=keep-alive
Access-Control-Allow-Origin=*
Access-Control-Expose-Headers=X-RateLimit-Limit, X-RateLimit-Remaining
Age=0
Content-Encoding=gzip
Strict-Transport-Security=max-age=31536000; preload
Vary=Accept-Encoding
Via=http/1.1 api-umbrella (ApacheTrafficServer [cMsSf ])
X-Cache=MISS
X-Ratelimit-Limit=2000
X-Ratelimit-Remaining=1998
X-Vcap-Request-Id=b06483f6-15b3-4369-5d54-b45484c4b735
X-Frame-Options=DENY
X-Content-Type-Options=nosniff
X-XSS-Protection=1; mode=block
">
      <![CDATA[java.lang.AssertionError: 1 expectation failed.
Expected header "X-Ratelimit-Remaining" was not "1997", was "1998". Headers are:
Date=Fri, 21 Oct 2022 13:31:46 GMT
Content-Type=application/json
Transfer-Encoding=chunked
Connection=keep-alive
Access-Control-Allow-Origin=*
Access-Control-Expose-Headers=X-RateLimit-Limit, X-RateLimit-Remaining
Age=0
Content-Encoding=gzip
Strict-Transport-Security=max-age=31536000; preload
Vary=Accept-Encoding
Via=http/1.1 api-umbrella (ApacheTrafficServer [cMsSf ])
X-Cache=MISS
X-Ratelimit-Limit=2000
X-Ratelimit-Remaining=1998
X-Vcap-Request-Id=b06483f6-15b3-4369-5d54-b45484c4b735
X-Frame-Options=DENY
X-Content-Type-Options=nosniff
X-XSS-Protection=1; mode=block

at org.codehaus.groovy.runtime.callsite.ConstructorSite$ConstructorSiteNoUnwrap.callConstructor(ConstructorSite.java:86)
at org.codehaus.groovy.runtime.callsite.CallSiteArray.defaultCallConstructor(CallSiteArray.java:58)
at org.codehaus.groovy.runtime.callsite.AbstractCallSite.callConstructor(AbstractCallSite.java:263)
at org.codehaus.groovy.runtime.callsite.AbstractCallSite.callConstructor(AbstractCallSite.java:277)
at io.restassured.internal.ResponseSpecificationImpl$HamcrestAssertionClosure.validate(ResponseSpecificationImpl.groovy:512)
at io.restassured.internal.ResponseSpecificationImpl$HamcrestAssertionClosure$validate$1.call(Unknown Source)
at io.restassured.internal.ResponseSpecificationImpl.validateResponseIfRequired(ResponseSpecificationImpl.groovy:696)
at io.restassured.internal.ResponseSpecificationImpl.this$2$validateResponseIfRequired(ResponseSpecificationImpl.groovy)
at org.codehaus.groovy.runtime.callsite.PlainObjectMetaMethodSite.doInvoke(PlainObjectMetaMethodSite.java:43)
at org.codehaus.groovy.runtime.callsite.PogoMetaMethodSite$PogoCachedMethodSiteNoUnwrapNoCoerce.invoke(PogoMetaMethodSite.java:198)
at org.codehaus.groovy.runtime.callsite.PogoMetaMethodSite.callCurrent(PogoMetaMethodSite.java:62)
at org.codehaus.groovy.runtime.callsite.AbstractCallSite.callCurrent(AbstractCallSite.java:185)
at io.restassured.internal.ResponseSpecificationImpl.header(ResponseSpecificationImpl.groovy:191)
at io.restassured.specification.ResponseSpecification$header$1.callCurrent(Unknown Source)
at io.restassured.internal.ResponseSpecificationImpl.header(ResponseSpecificationImpl.groovy:198)
at io.restassured.internal.ValidatableResponseOptionsImpl.header(ValidatableResponseOptionsImpl.java:124)
at gov.nasa.api.Integrationts.authenticateNormalKeyIsOkAndRateLimits(Integrationts.java:49)
at java.base/java.util.concurrent.FutureTask.run(FutureTask.java:264)
at java.base/java.util.concurrent.ThreadPoolExecutor.runWorker(ThreadPoolExecutor.java:1128)
at java.base/java.util.concurrent.ThreadPoolExecutor$Worker.run(ThreadPoolExecutor.java:628)
at java.base/java.lang.Thread.run(Thread.java:829)
... Removed 26 stack frames]]>
    </failure>
  </testcase> <!-- authenticateNormalKeyIsOkAndRateLimits -->
  <testcase classname="gov.nasa.api.CuriosityApiTests" name="compareFirst10MarsPhotosBetweenSOlEarthDate" time="3.714"/>
  <testcase classname="gov.nasa.api.CuriosityApiTests" name="retrieveFirst10MarsPhotosWithEarthDate" time="1.787"/>
  <testcase classname="gov.nasa.api.CuriosityApiTests" name="retrieveFirst10MarsPhotosWithSol" time="1.511"/>
  <testcase classname="gov.nasa.api.CuriosityApiTests" name="validateAmountsOfPicturesEachSOlPhotos" time="1.632">
    <failure type="java.lang.AssertionError" message="The following asserts failed:
	Amount of photos in :MASTis 10.5 times greater than RHAZ photos are :2 expected [false] but found [true],
	Amount of photos in :MASTis 10.5 times greater than FHAZ photos are :2 expected [false] but found [true]">
      <![CDATA[java.lang.AssertionError: The following asserts failed:
Amount of photos in :MASTis 10.5 times greater than RHAZ photos are :2 expected [false] but found [true],
Amount of photos in :MASTis 10.5 times greater than FHAZ photos are :2 expected [false] but found [true]
at gov.nasa.api.CuriosityApiTests.validateAmountsOfPicturesEachSOlPhotos(CuriosityApiTests.java:60)
at java.base/java.util.concurrent.FutureTask.run(FutureTask.java:264)
at java.base/java.util.concurrent.ThreadPoolExecutor.runWorker(ThreadPoolExecutor.java:1128)
at java.base/java.util.concurrent.ThreadPoolExecutor$Worker.run(ThreadPoolExecutor.java:628)
at java.base/java.lang.Thread.run(Thread.java:829)
... Removed 17 stack frames]]>
    </failure>
  </testcase> <!-- validateAmountsOfPicturesEachSOlPhotos -->
</testsuite> <!-- Test 1 -->
